[debug] [2023-01-10T23:02:23.799Z] ----------------------------------------------------------------------
[debug] [2023-01-10T23:02:23.803Z] Command:       C:\Program Files\nodejs\node.exe C:\Users\joh20\AppData\Roaming\npm\node_modules\firebase-tools\lib\bin\firebase.js emulators:start --only functions
[debug] [2023-01-10T23:02:23.804Z] CLI Version:   11.8.0
[debug] [2023-01-10T23:02:23.804Z] Platform:      win32
[debug] [2023-01-10T23:02:23.804Z] Node Version:  v18.12.1
[debug] [2023-01-10T23:02:23.805Z] Time:          Wed Jan 11 2023 01:02:23 GMT+0200 (Itä-Euroopan normaaliaika)
[debug] [2023-01-10T23:02:23.806Z] ----------------------------------------------------------------------
[debug] 
[debug] [2023-01-10T23:02:23.810Z] >>> [apiv2][query] GET https://firebase-public.firebaseio.com/cli.json [none]
[debug] [2023-01-10T23:02:23.993Z] > command requires scopes: ["email","openid","https://www.googleapis.com/auth/cloudplatformprojects.readonly","https://www.googleapis.com/auth/firebase","https://www.googleapis.com/auth/cloud-platform"]
[debug] [2023-01-10T23:02:23.994Z] > authorizing via signed-in user (development@loytoapp.fi)
[info] i  emulators: Starting emulators: functions {"metadata":{"emulator":{"name":"hub"},"message":"Starting emulators: functions"}}
[debug] [2023-01-10T23:02:24.022Z] [hub] writing locator at C:\Users\joh20\AppData\Local\Temp\hub-portfolio-johannes-mensalo.json
[warn] !  functions: The following emulators are not running, calls to these services from the Functions emulator will affect production: auth, firestore, database, hosting, pubsub, storage, eventarc {"metadata":{"emulator":{"name":"functions"},"message":"The following emulators are not running, calls to these services from the Functions emulator will affect production: \u001b[1mauth, firestore, database, hosting, pubsub, storage, eventarc\u001b[22m"}}
[warn] !  Your requested "node" version "16" doesn't match your global version "18". Using node@18 from host. {"metadata":{"emulator":{"name":"functions"},"message":"Your requested \"node\" version \"16\" doesn't match your global version \"18\". Using node@18 from host."}}
[debug] [2023-01-10T23:02:24.081Z] defaultcredentials: writing to file C:\Users\joh20\AppData\Roaming\firebase\development_loytoapp_fi_application_default_credentials.json
[debug] [2023-01-10T23:02:24.082Z] Setting GAC to C:\Users\joh20\AppData\Roaming\firebase\development_loytoapp_fi_application_default_credentials.json {"metadata":{"emulator":{"name":"functions"},"message":"Setting GAC to C:\\Users\\joh20\\AppData\\Roaming\\firebase\\development_loytoapp_fi_application_default_credentials.json"}}
[debug] [2023-01-10T23:02:24.084Z] > refreshing access token with scopes: []
[debug] [2023-01-10T23:02:24.086Z] >>> [apiv2][query] POST https://www.googleapis.com/oauth2/v3/token [none]
[debug] [2023-01-10T23:02:24.087Z] >>> [apiv2][body] POST https://www.googleapis.com/oauth2/v3/token [omitted]
[debug] [2023-01-10T23:02:24.195Z] <<< [apiv2][status] POST https://www.googleapis.com/oauth2/v3/token 200
[debug] [2023-01-10T23:02:24.195Z] <<< [apiv2][body] POST https://www.googleapis.com/oauth2/v3/token [omitted]
[debug] [2023-01-10T23:02:24.214Z] >>> [apiv2][query] GET https://firebase.googleapis.com/v1beta1/projects/portfolio-johannes-mensalo/adminSdkConfig [none]
[debug] [2023-01-10T23:02:24.332Z] <<< [apiv2][status] GET https://firebase-public.firebaseio.com/cli.json 200
[debug] [2023-01-10T23:02:24.332Z] <<< [apiv2][body] GET https://firebase-public.firebaseio.com/cli.json {"cloudBuildErrorAfter":1594252800000,"cloudBuildWarnAfter":1590019200000,"defaultNode10After":1594252800000,"minVersion":"3.0.5","node8DeploysDisabledAfter":1613390400000,"node8RuntimeDisabledAfter":1615809600000,"node8WarnAfter":1600128000000}
[debug] [2023-01-10T23:02:24.529Z] <<< [apiv2][status] GET https://firebase.googleapis.com/v1beta1/projects/portfolio-johannes-mensalo/adminSdkConfig 403
[debug] [2023-01-10T23:02:24.529Z] <<< [apiv2][body] GET https://firebase.googleapis.com/v1beta1/projects/portfolio-johannes-mensalo/adminSdkConfig {"error":{"code":403,"message":"The caller does not have permission","status":"PERMISSION_DENIED"}}
[debug] [2023-01-10T23:02:24.530Z] Failed to get Admin SDK config for portfolio-johannes-mensalo, falling back to cacheFailed to get Admin SDK for Firebase project portfolio-johannes-mensalo. Please make sure the project exists and your account has permission to access it. {"name":"FirebaseError","children":[],"exit":2,"message":"Failed to get Admin SDK for Firebase project portfolio-johannes-mensalo. Please make sure the project exists and your account has permission to access it.","original":{"name":"FirebaseError","children":[],"context":{"body":{"error":{"code":403,"message":"The caller does not have permission","status":"PERMISSION_DENIED"}},"response":{"statusCode":403}},"exit":1,"message":"HTTP Error: 403, The caller does not have permission","status":403},"status":500}
[warn] !  functions: Unable to fetch project Admin SDK configuration, Admin SDK behavior in Cloud Functions emulator may be incorrect. {"metadata":{"emulator":{"name":"functions"},"message":"Unable to fetch project Admin SDK configuration, Admin SDK behavior in Cloud Functions emulator may be incorrect."}}
[debug] [2023-01-10T23:02:24.566Z] Ignoring unsupported arg: auto_download {"metadata":{"emulator":{"name":"ui"},"message":"Ignoring unsupported arg: auto_download"}}
[debug] [2023-01-10T23:02:24.566Z] Ignoring unsupported arg: port {"metadata":{"emulator":{"name":"ui"},"message":"Ignoring unsupported arg: port"}}
[debug] [2023-01-10T23:02:24.566Z] Starting Emulator UI with command {"binary":"node","args":["C:\\Users\\joh20\\.cache\\firebase\\emulators\\ui-v1.9.0\\server\\server.js"],"optionalArgs":[],"joinArgs":false} {"metadata":{"emulator":{"name":"ui"},"message":"Starting Emulator UI with command {\"binary\":\"node\",\"args\":[\"C:\\\\Users\\\\joh20\\\\.cache\\\\firebase\\\\emulators\\\\ui-v1.9.0\\\\server\\\\server.js\"],\"optionalArgs\":[],\"joinArgs\":false}"}}
[info] i  ui: Emulator UI logging to ui-debug.log {"metadata":{"emulator":{"name":"ui"},"message":"Emulator UI logging to \u001b[1mui-debug.log\u001b[22m"}}
[debug] [2023-01-10T23:02:25.099Z] Web / API server started at localhost:4000
 {"metadata":{"emulator":{"name":"ui"},"message":"Web / API server started at localhost:4000\n"}}
[info] i  functions: Watching "C:\koodaus\react\johannes_mensalo_portfolio_2022\portfolio-app\functions" for Cloud Functions... {"metadata":{"emulator":{"name":"functions"},"message":"Watching \"C:\\koodaus\\react\\johannes_mensalo_portfolio_2022\\portfolio-app\\functions\" for Cloud Functions..."}}
[debug] [2023-01-10T23:02:25.362Z] Validating nodejs source
[warn] !  functions: package.json indicates an outdated version of firebase-functions. Please upgrade using npm install --save firebase-functions@latest in your functions directory. 
[warn] !  functions: Please note that there will be breaking changes when you upgrade. 
[debug] [2023-01-10T23:02:30.009Z] > [functions] package.json contents: {
  "name": "functions",
  "description": "Cloud Functions for Firebase",
  "scripts": {
    "lint": "eslint .",
    "serve": "firebase emulators:start --only functions",
    "shell": "firebase functions:shell",
    "start": "npm run shell",
    "deploy": "firebase deploy --only functions",
    "logs": "firebase functions:log"
  },
  "engines": {
    "node": "16"
  },
  "main": "index.js",
  "dependencies": {
    "cors": "^2.8.5",
    "firebase-admin": "^9.8.0",
    "firebase-functions": "^3.14.1",
    "nodemailer": "^6.7.2"
  },
  "devDependencies": {
    "eslint": "^7.6.0",
    "eslint-config-google": "^0.14.0",
    "firebase-functions-test": "^0.2.0"
  },
  "private": true
}
[debug] [2023-01-10T23:02:30.010Z] Building nodejs source
[debug] [2023-01-10T23:02:30.010Z] Analyzing nodejs backend spec
[warn] !  functions: You are using an old version of firebase-functions SDK (3.16.0). Please update firebase-functions SDK to >=3.20.0 
[error] !!  functions: Failed to load function definition from source: FirebaseError: Error occurred while parsing your function triggers.

TypeError: Cannot read properties of undefined (reading 'email')
    at Object.<anonymous> (C:\koodaus\react\johannes_mensalo_portfolio_2022\portfolio-app\functions\index.js:8:44)
    at Module._compile (node:internal/modules/cjs/loader:1159:14)
    at Module._extensions..js (node:internal/modules/cjs/loader:1213:10)
    at Module.load (node:internal/modules/cjs/loader:1037:32)
    at Module._load (node:internal/modules/cjs/loader:878:12)
    at Module.require (node:internal/modules/cjs/loader:1061:19)
    at require (node:internal/modules/cjs/helpers:103:18)
    at loadModule (C:\Users\joh20\AppData\Roaming\npm\node_modules\firebase-tools\lib\deploy\functions\runtimes\node\triggerParser.js:10:16)
    at C:\Users\joh20\AppData\Roaming\npm\node_modules\firebase-tools\lib\deploy\functions\runtimes\node\triggerParser.js:34:21
    at Object.<anonymous> (C:\Users\joh20\AppData\Roaming\npm\node_modules\firebase-tools\lib\deploy\functions\runtimes\node\triggerParser.js:72:3) {"metadata":{"emulator":{"name":"functions"},"message":"Failed to load function definition from source: FirebaseError: Error occurred while parsing your function triggers.\n\nTypeError: Cannot read properties of undefined (reading 'email')\n    at Object.<anonymous> (C:\\koodaus\\react\\johannes_mensalo_portfolio_2022\\portfolio-app\\functions\\index.js:8:44)\n    at Module._compile (node:internal/modules/cjs/loader:1159:14)\n    at Module._extensions..js (node:internal/modules/cjs/loader:1213:10)\n    at Module.load (node:internal/modules/cjs/loader:1037:32)\n    at Module._load (node:internal/modules/cjs/loader:878:12)\n    at Module.require (node:internal/modules/cjs/loader:1061:19)\n    at require (node:internal/modules/cjs/helpers:103:18)\n    at loadModule (C:\\Users\\joh20\\AppData\\Roaming\\npm\\node_modules\\firebase-tools\\lib\\deploy\\functions\\runtimes\\node\\triggerParser.js:10:16)\n    at C:\\Users\\joh20\\AppData\\Roaming\\npm\\node_modules\\firebase-tools\\lib\\deploy\\functions\\runtimes\\node\\triggerParser.js:34:21\n    at Object.<anonymous> (C:\\Users\\joh20\\AppData\\Roaming\\npm\\node_modules\\firebase-tools\\lib\\deploy\\functions\\runtimes\\node\\triggerParser.js:72:3)"}}
[info] 
┌─────────────────────────────────────────────────────────────┐
│ ✔  All emulators ready! It is now safe to connect your app. │
│ i  View Emulator UI at http://localhost:4000                │
└─────────────────────────────────────────────────────────────┘

┌───────────┬────────────────┬─────────────────────────────────┐
│ Emulator  │ Host:Port      │ View in Emulator UI             │
├───────────┼────────────────┼─────────────────────────────────┤
│ Functions │ localhost:5001 │ http://localhost:4000/functions │
└───────────┴────────────────┴─────────────────────────────────┘
  Emulator Hub running at localhost:4400
  Other reserved ports: 4500

Issues? Report them at https://github.com/firebase/firebase-tools/issues and attach the *-debug.log files.
 
[debug] [2023-01-10T23:03:07.000Z] File C:\koodaus\react\johannes_mensalo_portfolio_2022\portfolio-app\functions\package.json changed, reloading triggers {"metadata":{"emulator":{"name":"functions"},"message":"File C:\\koodaus\\react\\johannes_mensalo_portfolio_2022\\portfolio-app\\functions\\package.json changed, reloading triggers"}}
